<?xml version="1.0" encoding="UTF-8"?>
<robot generator="Robot 7.0.1 (Python 3.9.13 on win32)" generated="2025-06-03T16:01:20.227208" rpa="false" schemaversion="5">
<suite id="s1" name="GemTestSuite" source="C:\PycharmProjects\robot-scripts\Gem_Automation\Tests\GemTestSuite.robot">
<test id="s1-t1" name="SetBackEndSettings" line="90">
<kw name="Begin web test" owner="Common" type="SETUP">
<kw name="Set Selenium Timeout" owner="SeleniumLibrary">
<arg>10s</arg>
<doc>Sets the timeout that is used by various keywords.</doc>
<status status="PASS" start="2025-06-03T16:01:20.568858" elapsed="0.000000"/>
</kw>
<kw name="Open Browser" owner="SeleniumLibrary">
<msg time="2025-06-03T16:01:20.568858" level="INFO">Opening browser 'chrome' to base url 'about:blank'.</msg>
<arg>about:blank</arg>
<arg>${BROWSER}</arg>
<doc>Opens a new browser instance to the optional ``url``.</doc>
<status status="PASS" start="2025-06-03T16:01:20.568858" elapsed="3.227527"/>
</kw>
<kw name="Maximize Browser Window" owner="SeleniumLibrary">
<doc>Maximizes current browser window.</doc>
<status status="PASS" start="2025-06-03T16:01:23.796385" elapsed="0.072526"/>
</kw>
<status status="PASS" start="2025-06-03T16:01:20.568858" elapsed="3.300053"/>
</kw>
<kw name="Open" owner="GemPage">
<kw name="Open" owner="LoginPage">
<kw name="Go To" owner="SeleniumLibrary">
<msg time="2025-06-03T16:01:23.880911" level="INFO">Opening url 'http://192.168.1.76:8888/gem'</msg>
<arg>${url}</arg>
<doc>Navigates the current browser window to the provided ``url``.</doc>
<status status="PASS" start="2025-06-03T16:01:23.878908" elapsed="4.062498"/>
</kw>
<arg>${url}</arg>
<status status="PASS" start="2025-06-03T16:01:23.875940" elapsed="4.066438"/>
</kw>
<arg>${URL}</arg>
<status status="PASS" start="2025-06-03T16:01:23.871909" elapsed="4.070469"/>
</kw>
<kw name="Verify Page Loaded" owner="GemPage">
<kw name="Verify Page Loaded_Gem" owner="LoginPage">
<kw name="Get Title" owner="SeleniumLibrary">
<msg time="2025-06-03T16:01:27.956273" level="INFO">${Home_title} = Green Engineering Menu 6.1.6</msg>
<var>${Home_title}</var>
<doc>Returns the title of the current page.</doc>
<status status="PASS" start="2025-06-03T16:01:27.945378" elapsed="0.010895"/>
</kw>
<kw name="Wait Until Page Contains" owner="SeleniumLibrary">
<arg>${Gem_title}</arg>
<doc>Waits until ``text`` appears on the current page.</doc>
<status status="PASS" start="2025-06-03T16:01:27.957289" elapsed="0.015994"/>
</kw>
<status status="PASS" start="2025-06-03T16:01:27.944378" elapsed="0.028905"/>
</kw>
<status status="PASS" start="2025-06-03T16:01:27.943375" elapsed="0.029908"/>
</kw>
<kw name="LogintoGem" owner="GemPage">
<kw name="Login" owner="LoginPage">
<kw name="Click Button" owner="SeleniumLibrary">
<msg time="2025-06-03T16:01:27.973283" level="INFO">Clicking button 'css=body &gt; div.ui-page.ui-page-theme-a.ui-page-active &gt; div.ui-content &gt; button'.</msg>
<arg>${Button_Login}</arg>
<doc>Clicks the button identified by ``locator``.</doc>
<status status="PASS" start="2025-06-03T16:01:27.973283" elapsed="0.116546"/>
</kw>
<status status="PASS" start="2025-06-03T16:01:27.973283" elapsed="0.116546"/>
</kw>
<status status="PASS" start="2025-06-03T16:01:27.973283" elapsed="0.116546"/>
</kw>
<kw name="Sleep" owner="BuiltIn">
<msg time="2025-06-03T16:01:29.091620" level="INFO">Slept 1 second.</msg>
<arg>1s</arg>
<doc>Pauses the test executed for the given time.</doc>
<status status="PASS" start="2025-06-03T16:01:28.089829" elapsed="1.001791"/>
</kw>
<kw name="Open" owner="GemPage">
<kw name="Open" owner="LoginPage">
<kw name="Go To" owner="SeleniumLibrary">
<msg time="2025-06-03T16:01:29.091620" level="INFO">Opening url 'http://192.168.1.76:8888/gem/mmx/connect/backendsettings'</msg>
<arg>${url}</arg>
<doc>Navigates the current browser window to the provided ``url``.</doc>
<status status="PASS" start="2025-06-03T16:01:29.091620" elapsed="0.512310"/>
</kw>
<arg>${url}</arg>
<status status="PASS" start="2025-06-03T16:01:29.091620" elapsed="0.513364"/>
</kw>
<arg>${URL_BackendSettings}</arg>
<status status="PASS" start="2025-06-03T16:01:29.091620" elapsed="0.513364"/>
</kw>
<kw name="Sleep" owner="BuiltIn">
<msg time="2025-06-03T16:01:32.616291" level="INFO">Slept 3 seconds.</msg>
<arg>3s</arg>
<doc>Pauses the test executed for the given time.</doc>
<status status="PASS" start="2025-06-03T16:01:29.604984" elapsed="3.011307"/>
</kw>
<kw name="Set_AudiBackend" owner="GemPage">
<kw name="SetAudiBackEnd" owner="BackendSettings">
<kw name="Input Text" owner="SeleniumLibrary">
<msg time="2025-06-03T16:01:32.616291" level="INFO">Typing text '14' into text field 'xpath=//div[@data-role='content']/div[1]/div/input'.</msg>
<arg>${audibackend_locator}</arg>
<arg>${audi_backend}</arg>
<doc>Types the given ``text`` into the text field identified by ``locator``.</doc>
<status status="PASS" start="2025-06-03T16:01:32.616291" elapsed="0.081178"/>
</kw>
<kw name="Sleep" owner="BuiltIn">
<msg time="2025-06-03T16:01:34.711735" level="INFO">Slept 2 seconds.</msg>
<arg>2</arg>
<doc>Pauses the test executed for the given time.</doc>
<status status="PASS" start="2025-06-03T16:01:32.706388" elapsed="2.005347"/>
</kw>
<status status="PASS" start="2025-06-03T16:01:32.616291" elapsed="2.095444"/>
</kw>
<status status="PASS" start="2025-06-03T16:01:32.616291" elapsed="2.095444"/>
</kw>
<kw name="End web test" owner="Common" type="TEARDOWN">
<kw name="Close All Browsers" owner="SeleniumLibrary">
<doc>Closes all open browsers and resets the browser cache.</doc>
<status status="PASS" start="2025-06-03T16:01:34.711735" elapsed="6.512189"/>
</kw>
<status status="PASS" start="2025-06-03T16:01:34.711735" elapsed="6.512189"/>
</kw>
<tag>online</tag>
<status status="PASS" start="2025-06-03T16:01:20.568858" elapsed="20.655066"/>
</test>
<test id="s1-t2" name="DeactivateComponentProtection" line="100">
<kw name="Begin web test" owner="Common" type="SETUP">
<kw name="Set Selenium Timeout" owner="SeleniumLibrary">
<arg>10s</arg>
<doc>Sets the timeout that is used by various keywords.</doc>
<status status="PASS" start="2025-06-03T16:01:41.223924" elapsed="0.000000"/>
</kw>
<kw name="Open Browser" owner="SeleniumLibrary">
<msg time="2025-06-03T16:01:41.223924" level="INFO">Opening browser 'chrome' to base url 'about:blank'.</msg>
<arg>about:blank</arg>
<arg>${BROWSER}</arg>
<doc>Opens a new browser instance to the optional ``url``.</doc>
<status status="PASS" start="2025-06-03T16:01:41.223924" elapsed="2.938605"/>
</kw>
<kw name="Maximize Browser Window" owner="SeleniumLibrary">
<doc>Maximizes current browser window.</doc>
<status status="PASS" start="2025-06-03T16:01:44.173048" elapsed="0.094739"/>
</kw>
<status status="PASS" start="2025-06-03T16:01:41.223924" elapsed="3.043863"/>
</kw>
<kw name="Open" owner="GemPage">
<kw name="Open" owner="LoginPage">
<kw name="Go To" owner="SeleniumLibrary">
<msg time="2025-06-03T16:01:44.271788" level="INFO">Opening url 'http://192.168.1.76:8888/gem'</msg>
<arg>${url}</arg>
<doc>Navigates the current browser window to the provided ``url``.</doc>
<status status="PASS" start="2025-06-03T16:01:44.270785" elapsed="3.882400"/>
</kw>
<arg>${url}</arg>
<status status="PASS" start="2025-06-03T16:01:44.269786" elapsed="3.883399"/>
</kw>
<arg>${URL}</arg>
<status status="PASS" start="2025-06-03T16:01:44.268798" elapsed="3.884387"/>
</kw>
<kw name="Verify Page Loaded" owner="GemPage">
<kw name="Verify Page Loaded_Gem" owner="LoginPage">
<kw name="Get Title" owner="SeleniumLibrary">
<msg time="2025-06-03T16:01:48.166986" level="INFO">${Home_title} = Green Engineering Menu 6.1.6</msg>
<var>${Home_title}</var>
<doc>Returns the title of the current page.</doc>
<status status="PASS" start="2025-06-03T16:01:48.155184" elapsed="0.011802"/>
</kw>
<kw name="Wait Until Page Contains" owner="SeleniumLibrary">
<arg>${Gem_title}</arg>
<doc>Waits until ``text`` appears on the current page.</doc>
<status status="PASS" start="2025-06-03T16:01:48.166986" elapsed="0.015467"/>
</kw>
<status status="PASS" start="2025-06-03T16:01:48.154183" elapsed="0.028270"/>
</kw>
<status status="PASS" start="2025-06-03T16:01:48.154183" elapsed="0.029291"/>
</kw>
<kw name="LogintoGem" owner="GemPage">
<kw name="Login" owner="LoginPage">
<kw name="Click Button" owner="SeleniumLibrary">
<msg time="2025-06-03T16:01:48.186458" level="INFO">Clicking button 'css=body &gt; div.ui-page.ui-page-theme-a.ui-page-active &gt; div.ui-content &gt; button'.</msg>
<arg>${Button_Login}</arg>
<doc>Clicks the button identified by ``locator``.</doc>
<status status="PASS" start="2025-06-03T16:01:48.186458" elapsed="0.141194"/>
</kw>
<status status="PASS" start="2025-06-03T16:01:48.185463" elapsed="0.142189"/>
</kw>
<status status="PASS" start="2025-06-03T16:01:48.184456" elapsed="0.143196"/>
</kw>
<kw name="Sleep" owner="BuiltIn">
<msg time="2025-06-03T16:01:49.332766" level="INFO">Slept 1 second.</msg>
<arg>1s</arg>
<doc>Pauses the test executed for the given time.</doc>
<status status="PASS" start="2025-06-03T16:01:48.327652" elapsed="1.005114"/>
</kw>
<kw name="Open" owner="GemPage">
<kw name="Open" owner="LoginPage">
<kw name="Go To" owner="SeleniumLibrary">
<msg time="2025-06-03T16:01:49.332766" level="INFO">Opening url 'http://192.168.1.76:8888/gem/mmx/connect/backendsettings'</msg>
<arg>${url}</arg>
<doc>Navigates the current browser window to the provided ``url``.</doc>
<status status="PASS" start="2025-06-03T16:01:49.332766" elapsed="0.301533"/>
</kw>
<arg>${url}</arg>
<status status="PASS" start="2025-06-03T16:01:49.332766" elapsed="0.301533"/>
</kw>
<arg>${URL_BackendSettings}</arg>
<status status="PASS" start="2025-06-03T16:01:49.332766" elapsed="0.301533"/>
</kw>
<kw name="Sleep" owner="BuiltIn">
<msg time="2025-06-03T16:01:51.648328" level="INFO">Slept 2 seconds.</msg>
<arg>2s</arg>
<doc>Pauses the test executed for the given time.</doc>
<status status="PASS" start="2025-06-03T16:01:49.635352" elapsed="2.012976"/>
</kw>
<kw name="DeactivateComponentProtection" owner="GemPage">
<kw name="DeactivateComponentProtection" owner="BackendSettings">
<kw name="Click Element" owner="SeleniumLibrary">
<msg time="2025-06-03T16:01:51.648328" level="INFO">Clicking element 'css=body &gt; div.ui-page.ui-page-theme-a.ui-page-active &gt; div.ui-content &gt; form:nth-child(6) &gt; div'.</msg>
<arg>${component_protection_flipbutton}</arg>
<doc>Click the element identified by ``locator``.</doc>
<status status="PASS" start="2025-06-03T16:01:51.648328" elapsed="0.086647"/>
</kw>
<kw name="Get Element Attribute" owner="SeleniumLibrary">
<msg time="2025-06-03T16:01:51.792977" level="INFO">${current_class} = ui-flipswitch ui-shadow-inset ui-bar-inherit ui-corner-all</msg>
<var>${current_class}</var>
<arg>${component_protection_flipbutton}</arg>
<arg>class</arg>
<doc>Returns the value of ``attribute`` from the element ``locator``.</doc>
<status status="PASS" start="2025-06-03T16:01:51.734975" elapsed="0.058002"/>
</kw>
<kw name="Sleep" owner="BuiltIn">
<msg time="2025-06-03T16:01:52.805916" level="INFO">Slept 1 second.</msg>
<arg>1s</arg>
<doc>Pauses the test executed for the given time.</doc>
<status status="PASS" start="2025-06-03T16:01:51.792977" elapsed="1.012939"/>
</kw>
<kw name="Log To Console" owner="BuiltIn">
<arg>flip button value : ${current_class}</arg>
<doc>Logs the given message to the console.</doc>
<status status="PASS" start="2025-06-03T16:01:52.805916" elapsed="0.000000"/>
</kw>
<while condition="'${current_class}' != '${component_protection_off}'">
<iter>
<kw name="Click Element" owner="SeleniumLibrary">
<arg>${component_protection_flipbutton}</arg>
<doc>Click the element identified by ``locator``.</doc>
<status status="NOT RUN" start="2025-06-03T16:01:52.805916" elapsed="0.000000"/>
</kw>
<kw name="Sleep" owner="BuiltIn">
<arg>1s</arg>
<doc>Pauses the test executed for the given time.</doc>
<status status="NOT RUN" start="2025-06-03T16:01:52.805916" elapsed="0.000000"/>
</kw>
<kw name="Get Element Attribute" owner="SeleniumLibrary">
<var>${current_class}</var>
<arg>${component_protection_flipbutton}</arg>
<arg>class</arg>
<doc>Returns the value of ``attribute`` from the element ``locator``.</doc>
<status status="NOT RUN" start="2025-06-03T16:01:52.805916" elapsed="0.000000"/>
</kw>
<kw name="Log To Console" owner="BuiltIn">
<arg>Current class of the flip button: ${current_class}</arg>
<doc>Logs the given message to the console.</doc>
<status status="NOT RUN" start="2025-06-03T16:01:52.805916" elapsed="0.000000"/>
</kw>
<kw name="Sleep" owner="BuiltIn">
<arg>1s</arg>
<doc>Pauses the test executed for the given time.</doc>
<status status="NOT RUN" start="2025-06-03T16:01:52.805916" elapsed="0.000000"/>
</kw>
<kw name="Log" owner="BuiltIn">
<arg>Flip button is successfully toggled</arg>
<doc>Logs the given message with the given level.</doc>
<status status="NOT RUN" start="2025-06-03T16:01:52.805916" elapsed="0.000000"/>
</kw>
<status status="NOT RUN" start="2025-06-03T16:01:52.805916" elapsed="0.000000"/>
</iter>
<status status="NOT RUN" start="2025-06-03T16:01:52.805916" elapsed="0.000000"/>
</while>
<kw name="Log" owner="BuiltIn">
<msg time="2025-06-03T16:01:52.805916" level="INFO">Flip button is successfully toggled to the "off" state</msg>
<arg>Flip button is successfully toggled to the "off" state</arg>
<doc>Logs the given message with the given level.</doc>
<status status="PASS" start="2025-06-03T16:01:52.805916" elapsed="0.000000"/>
</kw>
<status status="PASS" start="2025-06-03T16:01:51.648328" elapsed="1.157588"/>
</kw>
<status status="PASS" start="2025-06-03T16:01:51.648328" elapsed="1.157588"/>
</kw>
<kw name="Sleep" owner="BuiltIn">
<msg time="2025-06-03T16:01:54.820693" level="INFO">Slept 2 seconds.</msg>
<arg>2s</arg>
<doc>Pauses the test executed for the given time.</doc>
<status status="PASS" start="2025-06-03T16:01:52.805916" elapsed="2.014777"/>
</kw>
<kw name="sync_page" owner="GemPage">
<kw name="Page_sync" owner="ConfigPage">
<kw name="Click Button" owner="SeleniumLibrary">
<msg time="2025-06-03T16:01:54.820693" level="INFO">Clicking button 'css=body &gt; div.ui-page.ui-page-theme-a.ui-page-active &gt; div.ui-footer.ui-bar-inherit.ui-footer-fixed.slideup &gt; div &gt; ul &gt; li.ui-block-c &gt; button'.</msg>
<arg>${Refresh_BUTTON}</arg>
<doc>Clicks the button identified by ``locator``.</doc>
<status status="PASS" start="2025-06-03T16:01:54.820693" elapsed="0.141610"/>
</kw>
<kw name="Sleep" owner="BuiltIn">
<msg time="2025-06-03T16:01:55.973713" level="INFO">Slept 1 second.</msg>
<arg>1s</arg>
<doc>Pauses the test executed for the given time.</doc>
<status status="PASS" start="2025-06-03T16:01:54.962303" elapsed="1.011410"/>
</kw>
<doc>Verify that the configuration page is loaded by checking the title and URL.</doc>
<status status="PASS" start="2025-06-03T16:01:54.820693" elapsed="1.153020"/>
</kw>
<status status="PASS" start="2025-06-03T16:01:54.820693" elapsed="1.153020"/>
</kw>
<kw name="Sleep" owner="BuiltIn">
<msg time="2025-06-03T16:02:55.978196" level="INFO">Slept 1 minute.</msg>
<arg>60s</arg>
<doc>Pauses the test executed for the given time.</doc>
<status status="PASS" start="2025-06-03T16:01:55.973713" elapsed="60.004483"/>
</kw>
<kw name="VerifyODP_EU_Approval" owner="GemPage">
<kw name="Verify_ODP_EU_Approval" owner="BackendSettings">
<kw name="Wait Until Page Contains" owner="SeleniumLibrary">
<msg time="2025-06-03T16:03:06.288731" level="INFO" html="true">&lt;/td&gt;&lt;/tr&gt;&lt;tr&gt;&lt;td colspan="3"&gt;&lt;a href="selenium-screenshot-9.png"&gt;&lt;img src="selenium-screenshot-9.png" width="800px"&gt;&lt;/a&gt;</msg>
<msg time="2025-06-03T16:03:06.288731" level="FAIL">Text 'ODPApproval_locator' did not appear in 10 seconds.</msg>
<arg>ODPApproval_locator</arg>
<doc>Waits until ``text`` appears on the current page.</doc>
<status status="FAIL" start="2025-06-03T16:02:55.978196" elapsed="10.326184">Text 'ODPApproval_locator' did not appear in 10 seconds.</status>
</kw>
<status status="FAIL" start="2025-06-03T16:02:55.978196" elapsed="10.326184">Text 'ODPApproval_locator' did not appear in 10 seconds.</status>
</kw>
<status status="FAIL" start="2025-06-03T16:02:55.978196" elapsed="10.326184">Text 'ODPApproval_locator' did not appear in 10 seconds.</status>
</kw>
<kw name="End web test" owner="Common" type="TEARDOWN">
<kw name="Close All Browsers" owner="SeleniumLibrary">
<doc>Closes all open browsers and resets the browser cache.</doc>
<status status="PASS" start="2025-06-03T16:03:06.304380" elapsed="6.550237"/>
</kw>
<status status="PASS" start="2025-06-03T16:03:06.304380" elapsed="6.550237"/>
</kw>
<tag>online</tag>
<status status="FAIL" start="2025-06-03T16:01:41.223924" elapsed="91.630693">Text 'ODPApproval_locator' did not appear in 10 seconds.</status>
</test>
<test id="s1-t3" name="ResetWithPersistance" line="115">
<kw name="Begin web test" owner="Common" type="SETUP">
<kw name="Set Selenium Timeout" owner="SeleniumLibrary">
<arg>10s</arg>
<doc>Sets the timeout that is used by various keywords.</doc>
<status status="PASS" start="2025-06-03T16:03:12.854617" elapsed="0.000000"/>
</kw>
<kw name="Open Browser" owner="SeleniumLibrary">
<msg time="2025-06-03T16:03:12.854617" level="INFO">Opening browser 'chrome' to base url 'about:blank'.</msg>
<arg>about:blank</arg>
<arg>${BROWSER}</arg>
<doc>Opens a new browser instance to the optional ``url``.</doc>
<status status="PASS" start="2025-06-03T16:03:12.854617" elapsed="3.093104"/>
</kw>
<kw name="Maximize Browser Window" owner="SeleniumLibrary">
<doc>Maximizes current browser window.</doc>
<status status="PASS" start="2025-06-03T16:03:15.947721" elapsed="0.068531"/>
</kw>
<status status="PASS" start="2025-06-03T16:03:12.854617" elapsed="3.161635"/>
</kw>
<kw name="Open" owner="GemPage">
<kw name="Open" owner="LoginPage">
<kw name="Go To" owner="SeleniumLibrary">
<msg time="2025-06-03T16:03:16.034069" level="INFO">Opening url 'http://192.168.1.76:8888/gem'</msg>
<arg>${url}</arg>
<doc>Navigates the current browser window to the provided ``url``.</doc>
<status status="PASS" start="2025-06-03T16:03:16.031883" elapsed="3.635995"/>
</kw>
<arg>${url}</arg>
<status status="PASS" start="2025-06-03T16:03:16.031883" elapsed="3.635995"/>
</kw>
<arg>${URL}</arg>
<status status="PASS" start="2025-06-03T16:03:16.016252" elapsed="3.652627"/>
</kw>
<kw name="Verify Page Loaded" owner="GemPage">
<kw name="Verify Page Loaded_Gem" owner="LoginPage">
<kw name="Get Title" owner="SeleniumLibrary">
<msg time="2025-06-03T16:03:19.681545" level="INFO">${Home_title} = Green Engineering Menu 6.1.6</msg>
<var>${Home_title}</var>
<doc>Returns the title of the current page.</doc>
<status status="PASS" start="2025-06-03T16:03:19.669875" elapsed="0.011670"/>
</kw>
<kw name="Wait Until Page Contains" owner="SeleniumLibrary">
<arg>${Gem_title}</arg>
<doc>Waits until ``text`` appears on the current page.</doc>
<status status="PASS" start="2025-06-03T16:03:19.681545" elapsed="0.009538"/>
</kw>
<status status="PASS" start="2025-06-03T16:03:19.669875" elapsed="0.021208"/>
</kw>
<status status="PASS" start="2025-06-03T16:03:19.668879" elapsed="0.022204"/>
</kw>
<kw name="LogintoGem" owner="GemPage">
<kw name="Login" owner="LoginPage">
<kw name="Click Button" owner="SeleniumLibrary">
<msg time="2025-06-03T16:03:19.691083" level="INFO">Clicking button 'css=body &gt; div.ui-page.ui-page-theme-a.ui-page-active &gt; div.ui-content &gt; button'.</msg>
<arg>${Button_Login}</arg>
<doc>Clicks the button identified by ``locator``.</doc>
<status status="PASS" start="2025-06-03T16:03:19.691083" elapsed="0.152776"/>
</kw>
<status status="PASS" start="2025-06-03T16:03:19.691083" elapsed="0.152776"/>
</kw>
<status status="PASS" start="2025-06-03T16:03:19.691083" elapsed="0.152776"/>
</kw>
<kw name="Sleep" owner="BuiltIn">
<msg time="2025-06-03T16:03:20.846940" level="INFO">Slept 1 second.</msg>
<arg>1s</arg>
<doc>Pauses the test executed for the given time.</doc>
<status status="PASS" start="2025-06-03T16:03:19.843859" elapsed="1.003081"/>
</kw>
<kw name="Open" owner="GemPage">
<kw name="Open" owner="LoginPage">
<kw name="Go To" owner="SeleniumLibrary">
<msg time="2025-06-03T16:03:20.846940" level="INFO">Opening url 'http://192.168.1.76:8888/gem/debugging'</msg>
<arg>${url}</arg>
<doc>Navigates the current browser window to the provided ``url``.</doc>
<status status="PASS" start="2025-06-03T16:03:20.846940" elapsed="0.289253"/>
</kw>
<arg>${url}</arg>
<status status="PASS" start="2025-06-03T16:03:20.846940" elapsed="0.289253"/>
</kw>
<arg>${URL_Request_Reset_with_persistance}</arg>
<status status="PASS" start="2025-06-03T16:03:20.846940" elapsed="0.289253"/>
</kw>
<kw name="Sleep" owner="BuiltIn">
<msg time="2025-06-03T16:03:22.150440" level="INFO">Slept 1 second.</msg>
<arg>1s</arg>
<doc>Pauses the test executed for the given time.</doc>
<status status="PASS" start="2025-06-03T16:03:21.137188" elapsed="1.013252"/>
</kw>
<kw name="InitiateResetWithPersistance" owner="GemPage">
<kw name="ActiveResetWithPersistance" owner="debugging">
<kw name="Wait Until Page Contains" owner="SeleniumLibrary">
<arg>${Verify_page_loaded}</arg>
<doc>Waits until ``text`` appears on the current page.</doc>
<status status="PASS" start="2025-06-03T16:03:22.150440" elapsed="0.006510"/>
</kw>
<kw name="Scroll To Bottom" owner="debugging">
<kw name="Execute Javascript" owner="SeleniumLibrary">
<msg time="2025-06-03T16:03:22.166460" level="INFO">Executing JavaScript:
return document.documentElement.scrollHeight
Without any arguments.</msg>
<msg time="2025-06-03T16:03:22.166460" level="INFO">${last_height} = 1284</msg>
<var>${last_height}</var>
<arg>return document.documentElement.scrollHeight</arg>
<doc>Executes the given JavaScript code with possible arguments.</doc>
<status status="PASS" start="2025-06-03T16:03:22.166460" elapsed="0.000000"/>
</kw>
<for flavor="IN RANGE">
<iter>
<kw name="Execute Javascript" owner="SeleniumLibrary">
<msg time="2025-06-03T16:03:22.166460" level="INFO">Executing JavaScript:
window.scrollTo(0, document.documentElement.scrollHeight)
Without any arguments.</msg>
<arg>window.scrollTo(0, document.documentElement.scrollHeight)</arg>
<doc>Executes the given JavaScript code with possible arguments.</doc>
<status status="PASS" start="2025-06-03T16:03:22.166460" elapsed="0.011201"/>
</kw>
<kw name="Sleep" owner="BuiltIn">
<msg time="2025-06-03T16:03:24.182620" level="INFO">Slept 2 seconds.</msg>
<arg>2s</arg>
<doc>Pauses the test executed for the given time.</doc>
<status status="PASS" start="2025-06-03T16:03:22.177661" elapsed="2.004959"/>
</kw>
<kw name="Execute Javascript" owner="SeleniumLibrary">
<msg time="2025-06-03T16:03:24.182620" level="INFO">Executing JavaScript:
return document.documentElement.scrollHeight
Without any arguments.</msg>
<msg time="2025-06-03T16:03:24.182620" level="INFO">${new_height} = 1284</msg>
<var>${new_height}</var>
<arg>return document.documentElement.scrollHeight</arg>
<doc>Executes the given JavaScript code with possible arguments.</doc>
<status status="PASS" start="2025-06-03T16:03:24.182620" elapsed="0.000000"/>
</kw>
<kw name="Exit For Loop If" owner="BuiltIn">
<msg time="2025-06-03T16:03:24.182620" level="INFO">Exiting for loop altogether.</msg>
<arg>${new_height} == ${last_height}</arg>
<doc>Stops executing the enclosing FOR loop if the ``condition`` is true.</doc>
<status status="PASS" start="2025-06-03T16:03:24.182620" elapsed="0.000000"/>
</kw>
<kw name="Set Variable" owner="BuiltIn">
<var>${last_height}</var>
<arg>${new_height}</arg>
<doc>Returns the given values which can then be assigned to a variables.</doc>
<status status="NOT RUN" start="2025-06-03T16:03:24.182620" elapsed="0.000000"/>
</kw>
<var name="${index}">0</var>
<status status="PASS" start="2025-06-03T16:03:22.166460" elapsed="2.016160"/>
</iter>
<var>${index}</var>
<value>20</value>
<status status="PASS" start="2025-06-03T16:03:22.166460" elapsed="2.016160"/>
</for>
<status status="PASS" start="2025-06-03T16:03:22.156950" elapsed="2.025670"/>
</kw>
<kw name="Sleep" owner="BuiltIn">
<msg time="2025-06-03T16:03:26.198011" level="INFO">Slept 2 seconds.</msg>
<arg>2s</arg>
<doc>Pauses the test executed for the given time.</doc>
<status status="PASS" start="2025-06-03T16:03:24.182620" elapsed="2.015391"/>
</kw>
<kw name="Click Button" owner="SeleniumLibrary">
<msg time="2025-06-03T16:03:26.198011" level="INFO">Clicking button 'css=body &gt; div.ui-page.ui-page-theme-a.ui-page-footer-fixed.ui-page-active &gt; div.ui-content &gt; button:nth-child(17)'.</msg>
<arg>${css_reset}</arg>
<doc>Clicks the button identified by ``locator``.</doc>
<status status="PASS" start="2025-06-03T16:03:26.198011" elapsed="0.123195"/>
</kw>
<status status="PASS" start="2025-06-03T16:03:22.150440" elapsed="4.170766"/>
</kw>
<status status="PASS" start="2025-06-03T16:03:22.150440" elapsed="4.170766"/>
</kw>
<kw name="Sleep" owner="BuiltIn">
<msg time="2025-06-03T16:03:28.323630" level="INFO">Slept 2 seconds.</msg>
<arg>2s</arg>
<doc>Pauses the test executed for the given time.</doc>
<status status="PASS" start="2025-06-03T16:03:26.321206" elapsed="2.002424"/>
</kw>
<kw name="sync_page" owner="GemPage">
<kw name="Page_sync" owner="ConfigPage">
<kw name="Click Button" owner="SeleniumLibrary">
<msg time="2025-06-03T16:03:28.323630" level="INFO">Clicking button 'css=body &gt; div.ui-page.ui-page-theme-a.ui-page-active &gt; div.ui-footer.ui-bar-inherit.ui-footer-fixed.slideup &gt; div &gt; ul &gt; li.ui-block-c &gt; button'.</msg>
<arg>${Refresh_BUTTON}</arg>
<doc>Clicks the button identified by ``locator``.</doc>
<status status="PASS" start="2025-06-03T16:03:28.323630" elapsed="0.288700"/>
</kw>
<kw name="Sleep" owner="BuiltIn">
<msg time="2025-06-03T16:03:29.617331" level="INFO">Slept 1 second.</msg>
<arg>1s</arg>
<doc>Pauses the test executed for the given time.</doc>
<status status="PASS" start="2025-06-03T16:03:28.612330" elapsed="1.005001"/>
</kw>
<doc>Verify that the configuration page is loaded by checking the title and URL.</doc>
<status status="PASS" start="2025-06-03T16:03:28.323630" elapsed="1.293701"/>
</kw>
<status status="PASS" start="2025-06-03T16:03:28.323630" elapsed="1.293701"/>
</kw>
<kw name="Sleep" owner="BuiltIn">
<msg time="2025-06-03T16:04:59.619396" level="INFO">Slept 1 minute 30 seconds.</msg>
<arg>90s</arg>
<doc>Pauses the test executed for the given time.</doc>
<status status="PASS" start="2025-06-03T16:03:29.617331" elapsed="90.002065"/>
</kw>
<kw name="End web test" owner="Common" type="TEARDOWN">
<kw name="Close All Browsers" owner="SeleniumLibrary">
<doc>Closes all open browsers and resets the browser cache.</doc>
<status status="PASS" start="2025-06-03T16:04:59.619396" elapsed="6.550204"/>
</kw>
<status status="PASS" start="2025-06-03T16:04:59.619396" elapsed="6.550204"/>
</kw>
<tag>online</tag>
<status status="PASS" start="2025-06-03T16:03:12.854617" elapsed="113.314983"/>
</test>
<status status="FAIL" start="2025-06-03T16:01:20.227208" elapsed="225.942392"/>
</suite>
<statistics>
<total>
<stat pass="2" fail="1" skip="0">All Tests</stat>
</total>
<tag>
<stat pass="2" fail="1" skip="0">online</stat>
</tag>
<suite>
<stat pass="2" fail="1" skip="0" id="s1" name="GemTestSuite">GemTestSuite</stat>
</suite>
</statistics>
<errors>
</errors>
</robot>
