<?xml version="1.0" encoding="UTF-8"?>
<robot generator="Robot 7.0.1 (Python 3.9.13 on win32)" generated="2025-06-10T10:03:21.456773" rpa="false" schemaversion="5">
<suite id="s1" name="Login.Robot" source="C:\PycharmProjects\robot-scripts\CRM\Tests\login.robot.robot">
<test id="s1-t1" name="Shoulb be able to add new customer" line="9">
<kw name="Set Selenium Speed" owner="SeleniumLibrary">
<arg>0.2s</arg>
<doc>Sets the delay that is waited after each Selenium command.</doc>
<status status="PASS" start="2025-06-10T10:03:21.841547" elapsed="0.000000"/>
</kw>
<kw name="Set Selenium Timeout" owner="SeleniumLibrary">
<arg>10s</arg>
<doc>Sets the timeout that is used by various keywords.</doc>
<status status="PASS" start="2025-06-10T10:03:21.842508" elapsed="0.000000"/>
</kw>
<kw name="Log" owner="BuiltIn">
<msg time="2025-06-10T10:03:21.843543" level="INFO">Starting the test case!</msg>
<arg>Starting the test case!</arg>
<doc>Logs the given message with the given level.</doc>
<status status="PASS" start="2025-06-10T10:03:21.842508" elapsed="0.001035"/>
</kw>
<kw name="Open Browser" owner="SeleniumLibrary">
<msg time="2025-06-10T10:03:21.843543" level="INFO">Opening browser 'Chrome' to base url 'https://automationplayground.com/crm/'.</msg>
<arg>https://automationplayground.com/crm/</arg>
<arg>Chrome</arg>
<doc>Opens a new browser instance to the optional ``url``.</doc>
<status status="PASS" start="2025-06-10T10:03:21.843543" elapsed="27.403240"/>
</kw>
<kw name="Set Window Position" owner="SeleniumLibrary">
<arg>x=1</arg>
<arg>y=1</arg>
<doc>Sets window position using ``x`` and ``y`` coordinates.</doc>
<status status="PASS" start="2025-06-10T10:03:49.246783" elapsed="0.591793"/>
</kw>
<kw name="Set Window Size" owner="SeleniumLibrary">
<arg>width=1935</arg>
<arg>height=1090</arg>
<doc>Sets current windows size to given ``width`` and ``height``.</doc>
<status status="PASS" start="2025-06-10T10:03:49.839571" elapsed="0.594491"/>
</kw>
<kw name="Page Should Contain" owner="SeleniumLibrary">
<msg time="2025-06-10T10:03:50.858215" level="INFO">Current page contains text 'Customers Are Priority One'.</msg>
<arg>Customers Are Priority One</arg>
<doc>Verifies that current page contains ``text``.</doc>
<status status="PASS" start="2025-06-10T10:03:50.434062" elapsed="0.424153"/>
</kw>
<kw name="Click Link" owner="SeleniumLibrary">
<msg time="2025-06-10T10:03:50.860225" level="INFO">Clicking link 'id =SignIn'.</msg>
<arg>id =SignIn</arg>
<doc>Clicks a link identified by ``locator``.</doc>
<status status="PASS" start="2025-06-10T10:03:50.859221" elapsed="1.060822"/>
</kw>
<kw name="Page Should Contain" owner="SeleniumLibrary">
<msg time="2025-06-10T10:03:52.341926" level="INFO">Current page contains text 'Login'.</msg>
<arg>Login</arg>
<doc>Verifies that current page contains ``text``.</doc>
<status status="PASS" start="2025-06-10T10:03:51.920043" elapsed="0.421883"/>
</kw>
<kw name="Input Text" owner="SeleniumLibrary">
<msg time="2025-06-10T10:03:52.343736" level="INFO">Typing text 'admin@robotframeworktutorial.com' into text field 'id=email-id'.</msg>
<arg>id=email-id</arg>
<arg>admin@robotframeworktutorial.com</arg>
<doc>Types the given ``text`` into the text field identified by ``locator``.</doc>
<status status="PASS" start="2025-06-10T10:03:52.343736" elapsed="0.794529"/>
</kw>
<kw name="Input Text" owner="SeleniumLibrary">
<msg time="2025-06-10T10:03:53.139353" level="INFO">Typing text 'admin123' into text field 'id=password'.</msg>
<arg>id=password</arg>
<arg>admin123</arg>
<doc>Types the given ``text`` into the text field identified by ``locator``.</doc>
<status status="PASS" start="2025-06-10T10:03:53.139353" elapsed="0.747081"/>
</kw>
<kw name="Click Button" owner="SeleniumLibrary">
<msg time="2025-06-10T10:03:53.889233" level="INFO">Clicking button 'id=submit-id'.</msg>
<arg>id=submit-id</arg>
<doc>Clicks the button identified by ``locator``.</doc>
<status status="PASS" start="2025-06-10T10:03:53.888189" elapsed="1.408823"/>
</kw>
<kw name="Page Should Contain" owner="SeleniumLibrary">
<msg time="2025-06-10T10:03:55.732517" level="INFO">Current page contains text 'Our Happy Customers'.</msg>
<arg>Our Happy Customers</arg>
<doc>Verifies that current page contains ``text``.</doc>
<status status="PASS" start="2025-06-10T10:03:55.297012" elapsed="0.435505"/>
</kw>
<kw name="Click Link" owner="SeleniumLibrary">
<msg time="2025-06-10T10:03:55.734512" level="INFO">Clicking link 'id=new-customer'.</msg>
<msg time="2025-06-10T10:03:55.974711" level="WARN">Keyword 'Capture Page Screenshot' could not be run on failure: Message: invalid session id
Stacktrace:
	GetHandleVerifier [0x0x7ff7af91fea5+79173]
	GetHandleVerifier [0x0x7ff7af91ff00+79264]
	(No symbol) [0x0x7ff7af6d9c8c]
	(No symbol) [0x0x7ff7af7205ef]
	(No symbol) [0x0x7ff7af758832]
	(No symbol) [0x0x7ff7af753233]
	(No symbol) [0x0x7ff7af7522f9]
	(No symbol) [0x0x7ff7af6a5fc5]
	GetHandleVerifier [0x0x7ff7afbea2dd+3004797]
	GetHandleVerifier [0x0x7ff7afbe472d+2981325]
	GetHandleVerifier [0x0x7ff7afc03380+3107360]
	GetHandleVerifier [0x0x7ff7af93aa2e+188622]
	GetHandleVerifier [0x0x7ff7af9422bf+219487]
	(No symbol) [0x0x7ff7af6a5036]
	GetHandleVerifier [0x0x7ff7afd03c78+4158232]
	BaseThreadInitThunk [0x0x7ffea566259d+29]
	RtlUserThreadStart [0x0x7ffea74aaf58+40]
</msg>
<msg time="2025-06-10T10:03:55.977704" level="FAIL">InvalidSessionIdException: Message: invalid session id: session deleted as the browser has closed the connection
from disconnected: not connected to DevTools
  (Session info: chrome=137.0.7151.69)
Stacktrace:
	GetHandleVerifier [0x0x7ff7af91fea5+79173]
	GetHandleVerifier [0x0x7ff7af91ff00+79264]
	(No symbol) [0x0x7ff7af6d9e5a]
	(No symbol) [0x0x7ff7af6c5c25]
	(No symbol) [0x0x7ff7af6eac44]
	(No symbol) [0x0x7ff7af7603c5]
	(No symbol) [0x0x7ff7af780922]
	(No symbol) [0x0x7ff7af758743]
	(No symbol) [0x0x7ff7af7214c1]
	(No symbol) [0x0x7ff7af722253]
	GetHandleVerifier [0x0x7ff7afbea2dd+3004797]
	GetHandleVerifier [0x0x7ff7afbe472d+2981325]
	GetHandleVerifier [0x0x7ff7afc03380+3107360]
	GetHandleVerifier [0x0x7ff7af93aa2e+188622]
	GetHandleVerifier [0x0x7ff7af9422bf+219487]
	GetHandleVerifier [0x0x7ff7af928df4+115860]
	GetHandleVerifier [0x0x7ff7af928fa9+116297]
	GetHandleVerifier [0x0x7ff7af90f558+11256]
	BaseThreadInitThunk [0x0x7ffea566259d+29]
	RtlUserThreadStart [0x0x7ffea74aaf58+40]
</msg>
<arg>id=new-customer</arg>
<doc>Clicks a link identified by ``locator``.</doc>
<status status="FAIL" start="2025-06-10T10:03:55.733513" elapsed="0.262992">InvalidSessionIdException: Message: invalid session id: session deleted as the browser has closed the connection
from disconnected: not connected to DevTools
  (Session info: chrome=137.0.7151.69)
Stacktrace:
	GetHandleVerifier [0x0x7ff7af91fea5+79173]
	GetHandleVerifier [0x0x7ff7af91ff00+79264]
	(No symbol) [0x0x7ff7af6d9e5a]
	(No symbol) [0x0x7ff7af6c5c25]
	(No symbol) [0x0x7ff7af6eac44]
	(No symbol) [0x0x7ff7af7603c5]
	(No symbol) [0x0x7ff7af780922]
	(No symbol) [0x0x7ff7af758743]
	(No symbol) [0x0x7ff7af7214c1]
	(No symbol) [0x0x7ff7af722253]
	GetHandleVerifier [0x0x7ff7afbea2dd+3004797]
	GetHandleVerifier [0x0x7ff7afbe472d+2981325]
	GetHandleVerifier [0x0x7ff7afc03380+3107360]
	GetHandleVerifier [0x0x7ff7af93aa2e+188622]
	GetHandleVerifier [0x0x7ff7af9422bf+219487]
	GetHandleVerifier [0x0x7ff7af928df4+115860]
	GetHandleVerifier [0x0x7ff7af928fa9+116297]
	GetHandleVerifier [0x0x7ff7af90f558+11256]
	BaseThreadInitThunk [0x0x7ffea566259d+29]
	RtlUserThreadStart [0x0x7ffea74aaf58+40]
</status>
</kw>
<kw name="Page Should Contain" owner="SeleniumLibrary">
<arg>Add Customer</arg>
<doc>Verifies that current page contains ``text``.</doc>
<status status="NOT RUN" start="2025-06-10T10:03:55.997505" elapsed="0.000000"/>
</kw>
<kw name="Input Text" owner="SeleniumLibrary">
<arg>id=EmailAddress</arg>
<arg>jonedoe@gmail.com</arg>
<doc>Types the given ``text`` into the text field identified by ``locator``.</doc>
<status status="NOT RUN" start="2025-06-10T10:03:55.997505" elapsed="0.000000"/>
</kw>
<kw name="Input Text" owner="SeleniumLibrary">
<arg>id=FirstName</arg>
<arg>Jone</arg>
<doc>Types the given ``text`` into the text field identified by ``locator``.</doc>
<status status="NOT RUN" start="2025-06-10T10:03:55.998506" elapsed="0.000000"/>
</kw>
<kw name="Input Text" owner="SeleniumLibrary">
<arg>id=LastName</arg>
<arg>Doe</arg>
<doc>Types the given ``text`` into the text field identified by ``locator``.</doc>
<status status="NOT RUN" start="2025-06-10T10:03:55.998506" elapsed="0.000000"/>
</kw>
<kw name="Input Text" owner="SeleniumLibrary">
<arg>id=City</arg>
<arg>Dallas</arg>
<doc>Types the given ``text`` into the text field identified by ``locator``.</doc>
<status status="NOT RUN" start="2025-06-10T10:03:55.998506" elapsed="0.000000"/>
</kw>
<kw name="Select From List By Value" owner="SeleniumLibrary">
<arg>id=StateOrRegion</arg>
<arg>TX</arg>
<doc>Selects options from selection list ``locator`` by ``values``.</doc>
<status status="NOT RUN" start="2025-06-10T10:03:55.998506" elapsed="0.000998"/>
</kw>
<kw name="Select Radio Button" owner="SeleniumLibrary">
<arg>gender</arg>
<arg>female</arg>
<doc>Sets the radio button group ``group_name`` to ``value``.</doc>
<status status="NOT RUN" start="2025-06-10T10:03:56.002511" elapsed="0.000000"/>
</kw>
<kw name="Select Checkbox" owner="SeleniumLibrary">
<arg>name=promos-name</arg>
<doc>Selects the checkbox identified by ``locator``.</doc>
<status status="NOT RUN" start="2025-06-10T10:03:56.002511" elapsed="0.000000"/>
</kw>
<kw name="Click Button" owner="SeleniumLibrary">
<arg>Submit</arg>
<doc>Clicks the button identified by ``locator``.</doc>
<status status="NOT RUN" start="2025-06-10T10:03:56.003507" elapsed="0.000000"/>
</kw>
<kw name="Wait Until Page Contains" owner="SeleniumLibrary">
<arg>Success! New customer added.</arg>
<doc>Waits until ``text`` appears on the current page.</doc>
<status status="NOT RUN" start="2025-06-10T10:03:56.003507" elapsed="0.000000"/>
</kw>
<kw name="Click Link" owner="SeleniumLibrary">
<arg>Sign Out</arg>
<doc>Clicks a link identified by ``locator``.</doc>
<status status="NOT RUN" start="2025-06-10T10:03:56.003507" elapsed="0.000000"/>
</kw>
<kw name="Wait Until Page Contains" owner="SeleniumLibrary">
<arg>Signed Out</arg>
<doc>Waits until ``text`` appears on the current page.</doc>
<status status="NOT RUN" start="2025-06-10T10:03:56.004506" elapsed="0.000000"/>
</kw>
<kw name="Close Browser" owner="SeleniumLibrary">
<doc>Closes the current browser.</doc>
<status status="NOT RUN" start="2025-06-10T10:03:56.004506" elapsed="0.000000"/>
</kw>
<doc>This is a test case for adding new customer</doc>
<tag>1006</tag>
<tag>Contacts</tag>
<tag>Smoke</tag>
<status status="FAIL" start="2025-06-10T10:03:21.840501" elapsed="34.164005">InvalidSessionIdException: Message: invalid session id: session deleted as the browser has closed the connection
from disconnected: not connected to DevTools
  (Session info: chrome=137.0.7151.69)
Stacktrace:
	GetHandleVerifier [0x0x7ff7af91fea5+79173]
	GetHandleVerifier [0x0x7ff7af91ff00+79264]
	(No symbol) [0x0x7ff7af6d9e5a]
	(No symbol) [0x0x7ff7af6c5c25]
	(No symbol) [0x0x7ff7af6eac44]
	(No symbol) [0x0x7ff7af7603c5]
	(No symbol) [0x0x7ff7af780922]
	(No symbol) [0x0x7ff7af758743]
	(No symbol) [0x0x7ff7af7214c1]
	(No symbol) [0x0x7ff7af722253]
	GetHandleVerifier [0x0x7ff7afbea2dd+3004797]
	GetHandleVerifier [0x0x7ff7afbe472d+2981325]
	GetHandleVerifier [0x0x7ff7afc03380+3107360]
	GetHandleVerifier [0x0x7ff7af93aa2e+188622]
	GetHandleVerifier [0x0x7ff7af9422bf+219487]
	GetHandleVerifier [0x0x7ff7af928df4+115860]
	GetHandleVerifier [0x0x7ff7af928fa9+116297]
	GetHandleVerifier [0x0x7ff7af90f558+11256]
	BaseThreadInitThunk [0x0x7ffea566259d+29]
	RtlUserThreadStart [0x0x7ffea74aaf58+40]
</status>
</test>
<doc>This is a test suite for the SeleniumLibrary</doc>
<status status="FAIL" start="2025-06-10T10:03:21.459775" elapsed="34.546732"/>
</suite>
<statistics>
<total>
<stat pass="0" fail="1" skip="0">All Tests</stat>
</total>
<tag>
<stat pass="0" fail="1" skip="0">1006</stat>
<stat pass="0" fail="1" skip="0">Contacts</stat>
<stat pass="0" fail="1" skip="0">Smoke</stat>
</tag>
<suite>
<stat pass="0" fail="1" skip="0" id="s1" name="Login.Robot">Login.Robot</stat>
</suite>
</statistics>
<errors>
<msg time="2025-06-10T10:03:55.974711" level="WARN">Keyword 'Capture Page Screenshot' could not be run on failure: Message: invalid session id
Stacktrace:
	GetHandleVerifier [0x0x7ff7af91fea5+79173]
	GetHandleVerifier [0x0x7ff7af91ff00+79264]
	(No symbol) [0x0x7ff7af6d9c8c]
	(No symbol) [0x0x7ff7af7205ef]
	(No symbol) [0x0x7ff7af758832]
	(No symbol) [0x0x7ff7af753233]
	(No symbol) [0x0x7ff7af7522f9]
	(No symbol) [0x0x7ff7af6a5fc5]
	GetHandleVerifier [0x0x7ff7afbea2dd+3004797]
	GetHandleVerifier [0x0x7ff7afbe472d+2981325]
	GetHandleVerifier [0x0x7ff7afc03380+3107360]
	GetHandleVerifier [0x0x7ff7af93aa2e+188622]
	GetHandleVerifier [0x0x7ff7af9422bf+219487]
	(No symbol) [0x0x7ff7af6a5036]
	GetHandleVerifier [0x0x7ff7afd03c78+4158232]
	BaseThreadInitThunk [0x0x7ffea566259d+29]
	RtlUserThreadStart [0x0x7ffea74aaf58+40]
</msg>
</errors>
</robot>
