<?xml version="1.0" encoding="UTF-8"?>
<robot generator="Robot 6.0.2 (Python 3.11.5 on win32)" generated="20250612 09:18:34.168" rpa="false" schemaversion="3">
<suite id="s1" name="Learning" source="C:\PycharmProjects\robot-scripts\Gem_Automation\Tests\learning.robot">
<test id="s1-t1" name="VerifyODPApprovalEU" line="13">
<kw name="Begin web test" library="Common" type="SETUP">
<kw name="Set Selenium Timeout" library="SeleniumLibrary">
<arg>10s</arg>
<doc>Sets the timeout that is used by various keywords.</doc>
<status status="PASS" starttime="20250612 09:18:34.545" endtime="20250612 09:18:34.545"/>
</kw>
<kw name="Open Browser" library="SeleniumLibrary">
<arg>about:blank</arg>
<arg>${BROWSER}</arg>
<doc>Opens a new browser instance to the optional ``url``.</doc>
<msg timestamp="20250612 09:18:34.545" level="INFO">Opening browser 'chrome' to base url 'about:blank'.</msg>
<status status="PASS" starttime="20250612 09:18:34.545" endtime="20250612 09:18:38.023"/>
</kw>
<kw name="Maximize Browser Window" library="SeleniumLibrary">
<doc>Maximizes current browser window.</doc>
<status status="PASS" starttime="20250612 09:18:38.023" endtime="20250612 09:18:38.256"/>
</kw>
<status status="PASS" starttime="20250612 09:18:34.545" endtime="20250612 09:18:38.272"/>
</kw>
<kw name="Open" library="GemPage">
<arg>${URL_BackendSettings}</arg>
<kw name="Open" library="LoginPage">
<arg>${url}</arg>
<kw name="Go To" library="SeleniumLibrary">
<arg>${url}</arg>
<doc>Navigates the current browser window to the provided ``url``.</doc>
<msg timestamp="20250612 09:18:38.272" level="INFO">Opening url 'http://10.94.98.42:8888/gem/mmx/connect/backendsettings'</msg>
<status status="PASS" starttime="20250612 09:18:38.272" endtime="20250612 09:18:42.399"/>
</kw>
<status status="PASS" starttime="20250612 09:18:38.272" endtime="20250612 09:18:42.399"/>
</kw>
<status status="PASS" starttime="20250612 09:18:38.272" endtime="20250612 09:18:42.399"/>
</kw>
<kw name="Sleep" library="BuiltIn">
<arg>2s</arg>
<doc>Pauses the test executed for the given time.</doc>
<msg timestamp="20250612 09:18:44.401" level="INFO">Slept 2 seconds</msg>
<status status="PASS" starttime="20250612 09:18:42.400" endtime="20250612 09:18:44.401"/>
</kw>
<kw name="Verify Page Loaded" library="GemPage">
<kw name="Verify Page Loaded_Gem" library="LoginPage">
<kw name="Get Title" library="SeleniumLibrary">
<var>${Home_title}</var>
<doc>Returns the title of the current page.</doc>
<msg timestamp="20250612 09:18:44.406" level="INFO">${Home_title} = Green Engineering Menu 6.1.6</msg>
<status status="PASS" starttime="20250612 09:18:44.401" endtime="20250612 09:18:44.406"/>
</kw>
<kw name="Wait Until Page Contains" library="SeleniumLibrary">
<arg>${LoginPage_Gem_title}</arg>
<doc>Waits until ``text`` appears on the current page.</doc>
<status status="PASS" starttime="20250612 09:18:44.406" endtime="20250612 09:18:44.417"/>
</kw>
<status status="PASS" starttime="20250612 09:18:44.401" endtime="20250612 09:18:44.417"/>
</kw>
<status status="PASS" starttime="20250612 09:18:44.401" endtime="20250612 09:18:44.417"/>
</kw>
<kw name="LogintoGem" library="GemPage">
<kw name="Login" library="LoginPage">
<kw name="Click Button" library="SeleniumLibrary">
<arg>${LoginPage_Button_Login}</arg>
<doc>Clicks the button identified by ``locator``.</doc>
<msg timestamp="20250612 09:18:44.417" level="INFO">Clicking button 'css=body &gt; div.ui-page.ui-page-theme-a.ui-page-active &gt; div.ui-content &gt; button'.</msg>
<status status="PASS" starttime="20250612 09:18:44.417" endtime="20250612 09:18:44.565"/>
</kw>
<status status="PASS" starttime="20250612 09:18:44.417" endtime="20250612 09:18:44.565"/>
</kw>
<status status="PASS" starttime="20250612 09:18:44.417" endtime="20250612 09:18:44.565"/>
</kw>
<kw name="Sleep" library="BuiltIn">
<arg>3s</arg>
<doc>Pauses the test executed for the given time.</doc>
<msg timestamp="20250612 09:18:47.566" level="INFO">Slept 3 seconds</msg>
<status status="PASS" starttime="20250612 09:18:44.566" endtime="20250612 09:18:47.566"/>
</kw>
<kw name="Verify_Input_Value">
<arg>${backendSettings_ODPApproval_locator}</arg>
<arg>${backendSettings_ODPApproval_text}</arg>
<doc>Verify the value of an input tag matches the expected text.</doc>
<kw name="Get Element Attribute" library="SeleniumLibrary">
<var>${actual_value}</var>
<arg>${input_locator}</arg>
<arg>value</arg>
<doc>Returns the value of ``attribute`` from the element ``locator``.</doc>
<msg timestamp="20250612 09:18:47.595" level="INFO">${actual_value} = ODP APPROVAL EU</msg>
<status status="PASS" starttime="20250612 09:18:47.566" endtime="20250612 09:18:47.595"/>
</kw>
<kw name="Log To Console" library="BuiltIn">
<arg>Actual value of input: ${actual_value}</arg>
<doc>Logs the given message to the console.</doc>
<status status="PASS" starttime="20250612 09:18:47.609" endtime="20250612 09:18:47.609"/>
</kw>
<kw name="Run Keyword If" library="BuiltIn">
<arg>'${actual_value}' != '${expected_text}'</arg>
<arg>Fail</arg>
<arg>Expected "${expected_text}" but found "${actual_value}".</arg>
<doc>Runs the given keyword with the given arguments, if ``condition`` is true.</doc>
<status status="PASS" starttime="20250612 09:18:47.609" endtime="20250612 09:18:47.611"/>
</kw>
<kw name="Log" library="BuiltIn">
<arg>Input value "${actual_value}" matches the expected text.</arg>
<doc>Logs the given message with the given level.</doc>
<msg timestamp="20250612 09:18:47.611" level="INFO">Input value "ODP APPROVAL EU" matches the expected text.</msg>
<status status="PASS" starttime="20250612 09:18:47.611" endtime="20250612 09:18:47.611"/>
</kw>
<status status="PASS" starttime="20250612 09:18:47.566" endtime="20250612 09:18:47.611"/>
</kw>
<kw name="End web test" library="Common" type="TEARDOWN">
<kw name="Close All Browsers" library="SeleniumLibrary">
<doc>Closes all open browsers and resets the browser cache.</doc>
<status status="PASS" starttime="20250612 09:18:47.611" endtime="20250612 09:18:55.660"/>
</kw>
<status status="PASS" starttime="20250612 09:18:47.611" endtime="20250612 09:18:55.660"/>
</kw>
<doc>Verify that the ODP APPROVAL EU text is present in the input field.</doc>
<status status="PASS" starttime="20250612 09:18:34.545" endtime="20250612 09:18:55.660"/>
</test>
<status status="PASS" starttime="20250612 09:18:34.168" endtime="20250612 09:18:55.660"/>
</suite>
<statistics>
<total>
<stat pass="1" fail="0" skip="0">All Tests</stat>
</total>
<tag>
</tag>
<suite>
<stat pass="1" fail="0" skip="0" id="s1" name="Learning">Learning</stat>
</suite>
</statistics>
<errors>
</errors>
</robot>
